 2018-02-15 13:19:35,005 -  DEBUG -  Start of program
 2018-02-15 13:19:37,906 -  DEBUG -  Variable guess is set as: heads
 2018-02-15 13:20:56,843 -  DEBUG -  Start of program
 2018-02-15 13:21:01,471 -  DEBUG -  Variable guess is set as: heads
 2018-02-15 13:21:55,781 -  DEBUG -  Start of program
 2018-02-15 13:21:59,592 -  DEBUG -  Variable guess is set as: heads
 2018-02-15 13:21:59,592 -  DEBUG -  Variable toss is set as: 1
 2018-02-15 13:21:59,592 -  DEBUG -  1!=heads so they are not equal
 2018-02-15 13:22:02,351 -  DEBUG -  Variable guess is set as: tails
 2018-02-15 13:22:02,351 -  DEBUG -  1!=tails so they are not equal
 2018-02-15 13:22:02,351 -  DEBUG -  End of program
 2018-02-15 13:22:51,721 -  DEBUG -  Start of program
 2018-02-15 13:22:54,850 -  DEBUG -  Variable guess is set as: tails
 2018-02-15 13:22:54,850 -  DEBUG -  Variable toss is set as: 1
 2018-02-15 13:22:54,850 -  DEBUG -  1!=tails so they are not equal
 2018-02-15 13:22:55,809 -  DEBUG -  Variable guess is set as: heads
 2018-02-15 13:22:55,809 -  DEBUG -  1!=heads so they are not equal
 2018-02-15 13:22:55,809 -  DEBUG -  End of program\r\n
 2018-02-15 13:23:25,311 -  DEBUG -  Start of program
 2018-02-15 13:23:29,883 -  DEBUG -  Variable guess is set as: heads
 2018-02-15 13:23:29,883 -  DEBUG -  Variable toss is set as: 0
 2018-02-15 13:23:29,883 -  DEBUG -  0!=heads so they are not equal
 2018-02-15 13:23:30,723 -  DEBUG -  Variable guess is set as: heads
 2018-02-15 13:23:30,723 -  DEBUG -  0!=heads so they are not equal
 2018-02-15 13:23:30,723 -  DEBUG -  End of program\r\n
 2018-02-15 13:25:23,003 -  DEBUG -  Start of program
 2018-02-15 13:25:25,728 -  DEBUG -  Variable guess is set as: heads
 2018-02-15 13:25:25,728 -  DEBUG -  Variable toss is set as: 1
 2018-02-15 13:25:25,728 -  DEBUG -  1 != heads so they are not equal
 2018-02-15 13:25:27,161 -  DEBUG -  Variable guess is set as: tails
 2018-02-15 13:25:27,161 -  DEBUG -  1 != tails so they are not equal
 2018-02-15 13:25:27,161 -  DEBUG -  End of program
 2018-02-15 13:27:10,844 -  DEBUG -  Start of program
 2018-02-15 13:27:15,212 -  DEBUG -  Variable guess is set as: heads
 2018-02-15 13:27:15,212 -  DEBUG -  Variable toss is set as: heads
 2018-02-15 13:27:15,212 -  DEBUG -  heads = heads are equal
 2018-02-15 13:27:15,213 -  DEBUG -  End of program
 2018-02-15 13:43:54,809 -  DEBUG -  Start of program
 2018-02-15 13:44:02,969 -  DEBUG -  Variable guess is set as: heads
 2018-02-15 13:44:02,969 -  DEBUG -  Variable toss is set as: heads
 2018-02-15 13:44:02,970 -  DEBUG -  heads = heads are equal
 2018-02-15 13:44:02,971 -  DEBUG -  End of program
